<?xml version="1.0" encoding="UTF-8"?>
<testng-results ignored="0" total="3" passed="3" failed="0" skipped="0">
  <reporter-output>
  </reporter-output>
  <suite started-at="2024-12-01T18:02:23 GMT-05:00" name="Default suite" finished-at="2024-12-01T18:02:29 GMT-05:00" duration-ms="5537">
    <groups>
    </groups>
    <test started-at="2024-12-01T18:02:23 GMT-05:00" name="Default test" finished-at="2024-12-01T18:02:29 GMT-05:00" duration-ms="5537">
      <class name="com.example.api.ApiTest">
        <test-method signature="testAllPosts()[pri:0, instance:com.example.api.ApiTest@4ac3c60d]" started-at="2024-12-01T18:02:23 GMT-05:00" name="testAllPosts" finished-at="2024-12-01T18:02:28 GMT-05:00" duration-ms="4954" status="PASS">
          <reporter-output>
          </reporter-output>
        </test-method> <!-- testAllPosts -->
        <test-method signature="testGetRequest()[pri:0, instance:com.example.api.ApiTest@4ac3c60d]" started-at="2024-12-01T18:02:28 GMT-05:00" name="testGetRequest" finished-at="2024-12-01T18:02:29 GMT-05:00" duration-ms="159" status="PASS">
          <reporter-output>
          </reporter-output>
        </test-method> <!-- testGetRequest -->
        <test-method signature="testPostRequest()[pri:0, instance:com.example.api.ApiTest@4ac3c60d]" started-at="2024-12-01T18:02:29 GMT-05:00" name="testPostRequest" finished-at="2024-12-01T18:02:29 GMT-05:00" duration-ms="269" status="PASS">
          <reporter-output>
          </reporter-output>
        </test-method> <!-- testPostRequest -->
      </class> <!-- com.example.api.ApiTest -->
    </test> <!-- Default test -->
  </suite> <!-- Default suite -->
</testng-results>
