<?xml version="1.0" encoding="UTF-8"?>
<!-- Generated by org.testng.reporters.JUnitXMLReporter -->
<testsuite ignored="0" hostname="DESKTOP-9I2KSRS" failures="0" tests="3" name="Surefire test" time="5.534" errors="0" timestamp="2024-12-01T18:16:43 GMT-05:00">
  <testcase classname="com.example.api.ApiTest" name="testAllPosts" time="5.05"/>
  <testcase classname="com.example.api.ApiTest" name="testGetRequest" time="0.162"/>
  <testcase classname="com.example.api.ApiTest" name="testPostRequest" time="0.254"/>
</testsuite> <!-- Surefire test -->
