<?xml version="1.0" encoding="UTF-8"?>
<!-- Generated by org.testng.reporters.JUnitXMLReporter -->
<testsuite ignored="0" hostname="DESKTOP-9I2KSRS" failures="0" tests="3" name="Default test" time="5.537" errors="0" timestamp="2024-12-01T18:02:29 GMT-05:00">
  <testcase classname="com.example.api.ApiTest" name="testAllPosts" time="4.954"/>
  <testcase classname="com.example.api.ApiTest" name="testGetRequest" time="0.159"/>
  <testcase classname="com.example.api.ApiTest" name="testPostRequest" time="0.269"/>
</testsuite> <!-- Default test -->
