<?xml version="1.0" encoding="UTF-8"?>
<testng-results ignored="0" total="3" passed="3" failed="0" skipped="0">
  <reporter-output>
  </reporter-output>
  <suite started-at="2024-12-01T18:16:37 GMT-05:00" name="Surefire suite" finished-at="2024-12-01T18:16:43 GMT-05:00" duration-ms="5534">
    <groups>
    </groups>
    <test started-at="2024-12-01T18:16:37 GMT-05:00" name="Surefire test" finished-at="2024-12-01T18:16:43 GMT-05:00" duration-ms="5534">
      <class name="com.example.api.ApiTest">
        <test-method signature="testAllPosts()[pri:0, instance:com.example.api.ApiTest@7fe8ea47]" started-at="2024-12-01T18:16:38 GMT-05:00" name="testAllPosts" finished-at="2024-12-01T18:16:43 GMT-05:00" duration-ms="5050" status="PASS">
          <reporter-output>
          </reporter-output>
        </test-method> <!-- testAllPosts -->
        <test-method signature="testGetRequest()[pri:0, instance:com.example.api.ApiTest@7fe8ea47]" started-at="2024-12-01T18:16:43 GMT-05:00" name="testGetRequest" finished-at="2024-12-01T18:16:43 GMT-05:00" duration-ms="162" status="PASS">
          <reporter-output>
          </reporter-output>
        </test-method> <!-- testGetRequest -->
        <test-method signature="testPostRequest()[pri:0, instance:com.example.api.ApiTest@7fe8ea47]" started-at="2024-12-01T18:16:43 GMT-05:00" name="testPostRequest" finished-at="2024-12-01T18:16:43 GMT-05:00" duration-ms="254" status="PASS">
          <reporter-output>
          </reporter-output>
        </test-method> <!-- testPostRequest -->
      </class> <!-- com.example.api.ApiTest -->
    </test> <!-- Surefire test -->
  </suite> <!-- Surefire suite -->
</testng-results>
