<?xml version="1.0" encoding="UTF-8"?>
<testsuite xmlns:xsi="http://www.w3.org/2001/XMLSchema-instance" xsi:noNamespaceSchemaLocation="https://maven.apache.org/surefire/maven-surefire-plugin/xsd/surefire-test-report-3.0.xsd" version="3.0" name="com.example.api.ApiTest" time="6.28" tests="3" errors="0" skipped="0" failures="0">
  <properties>
[...]
</properties>
  <testcase name="testAllPosts" classname="com.example.api.ApiTest" time="5.073"/>
  <testcase name="testGetRequest" classname="com.example.api.ApiTest" time="0.144"/>
  <testcase name="testPostRequest" classname="com.example.api.ApiTest" time="0.248"/>
</testsuite>